Flat profile:

Each sample counts as 0.01 seconds.
  %   cumulative   self              self     total           
 time   seconds   seconds    calls  ms/call  ms/call  name    
 57.83      7.61     7.61                             E_update(double****, double****, double****, double****, double****, double****, int, int, double*****, double*****)
  9.95      8.92     1.31                             D_update(double****, double****, double****, double***, double***, double***, int, int)
  9.65     10.19     1.27                             H_update_pml(double***, double***, double***, double***, double***, double***, double****, double****, double****, double****, double****, double****, double****, double*, double*, pml*, pml*, pml*)
  8.36     11.29     1.10                             H_update(double***, double***, double***, double***, double***, double***)
  8.36     12.39     1.10                             D_update_pml(double***, double***, double***, double***, double***, double***, double****, double****, double****, double****, double****, double****, double****, double*, double*, pml*, pml*, pml*)
  1.67     12.61     0.22                             memory_allocate5d(int, int, int, int, int, double)
  1.60     12.82     0.21                             set_matrix(std::complex<double>, double*****, double*****, double***, double*)
  0.91     12.94     0.12       56     2.14     2.14  memory_allocate3d(int, int, int, double)
  0.68     13.03     0.09                             set_perturbation(perturbation, double***, double*)
  0.61     13.11     0.08                             memory_allocate4d(int, int, int, int, double)
  0.38     13.16     0.05                             delete_5d(double*****, int, int, int, int)
  0.00     13.16     0.00      969     0.00     0.00  splint(double*, double*, double*, int, double, double*)
  0.00     13.16     0.00      943     0.00     0.00  densu(double, double, double, double, double, double, double*, double, double, int, double*, double*, double*) [clone .constprop.1]
  0.00     13.16     0.00      902     0.00     0.00  splini(double*, double*, double*, int, double, double*)
  0.00     13.16     0.00      397     0.00     0.00  globe7(double*, nrlmsise_input*, nrlmsise_flags*)
  0.00     13.16     0.00      257     0.00     0.00  glob7s(double*, nrlmsise_input*, nrlmsise_flags*)
  0.00     13.16     0.00       56     0.00     0.00  delete_3d(double***, int, int)
  0.00     13.16     0.00       41     0.00     0.00  gtd7(nrlmsise_input*, nrlmsise_flags*, nrlmsise_output*)
  0.00     13.16     0.00       41     0.00     0.00  gts7(nrlmsise_input*, nrlmsise_flags*, nrlmsise_output*)
  0.00     13.16     0.00       23     0.00     0.00  pml::set_point(int, int, int, int)
  0.00     13.16     0.00        1     0.00     0.00  _GLOBAL__sub_I_R_r
  0.00     13.16     0.00        1     0.00     0.00  _GLOBAL__sub_I__Z10delete_2cdPPSt7complexIdEi
  0.00     13.16     0.00        1     0.00     0.00  _GLOBAL__sub_I__Z10delete_3cdPPPSt7complexIdEii
  0.00     13.16     0.00        1     0.00     0.00  _GLOBAL__sub_I__Z10delete_PMLPPPPdS2_S2_S2_S2_S2_S2_S2_S2_S2_S2_S2_S2_S2_
  0.00     13.16     0.00        1     0.00     0.00  _GLOBAL__sub_I__Z10set_matrixSt7complexIdEPPPPPdS5_S3_S1_
  0.00     13.16     0.00        1     0.00     0.00  _GLOBAL__sub_I__Z10sigma_calcPdS_S_S_
  0.00     13.16     0.00        1     0.00     0.00  _GLOBAL__sub_I__Z11Ne_allocatePdS_
  0.00     13.16     0.00        1     0.00     0.00  _GLOBAL__sub_I__Z11ny_allocate4date13geocoordinatePdS1_
  0.00     13.16     0.00        1     0.00     0.00  _GLOBAL__sub_I__Z12D_update_pmlPPPdS1_S1_S1_S1_S1_PS1_S2_S2_S2_S2_S2_S2_S_S_P3pmlS4_S4_
  0.00     13.16     0.00        1     0.00     0.00  _GLOBAL__sub_I__Z12H_update_pmlPPPdS1_S1_S1_S1_S1_PS1_S2_S2_S2_S2_S2_S2_S_S_P3pmlS4_S4_
  0.00     13.16     0.00        1     0.00     0.00  _GLOBAL__sub_I__Z12output_modelv
  0.00     13.16     0.00        1     0.00     0.00  _GLOBAL__sub_I__Z12surface_impeSt7complexIdE
  0.00     13.16     0.00        1     0.00     0.00  _GLOBAL__sub_I__Z14output_profile12perturbationPdPPS0_
  0.00     13.16     0.00        1     0.00     0.00  _GLOBAL__sub_I__Z16set_perturbation12perturbationPPPdS0_
  0.00     13.16     0.00        1     0.00     0.00  _GLOBAL__sub_I__Z16surface_H_updatePPdS0_S0_S0_S0_dd
  0.00     13.16     0.00        1     0.00     0.00  _GLOBAL__sub_I__Z17memory_allocate2diid
  0.00     13.16     0.00        1     0.00     0.00  _GLOBAL__sub_I__Z17memory_allocate3diiid
  0.00     13.16     0.00        1     0.00     0.00  _GLOBAL__sub_I__Z17memory_allocate4diiiid
  0.00     13.16     0.00        1     0.00     0.00  _GLOBAL__sub_I__Z17memory_allocate5diiiiid
  0.00     13.16     0.00        1     0.00     0.00  _GLOBAL__sub_I__Z18memory_allocate2cdiiSt7complexIdE
  0.00     13.16     0.00        1     0.00     0.00  _GLOBAL__sub_I__Z18memory_allocate3cdiiiSt7complexIdE
  0.00     13.16     0.00        1     0.00     0.00  _GLOBAL__sub_I__Z20PML_field_initializePPPPdS2_S2_S2_S2_S2_S2_S2_S2_S2_S2_S2_S2_S2_
  0.00     13.16     0.00        1     0.00     0.00  _GLOBAL__sub_I__Z7geo_magPdS_
  0.00     13.16     0.00        1     0.00     0.00  _GLOBAL__sub_I__Z8D_updatePPPPdS2_S2_S1_S1_S1_ii
  0.00     13.16     0.00        1     0.00     0.00  _GLOBAL__sub_I__Z8E_updatePPPPdS2_S2_S2_S2_S2_iiPS2_S3_
  0.00     13.16     0.00        1     0.00     0.00  _GLOBAL__sub_I__Z8H_updatePPPdS1_S1_S1_S1_S1_
  0.00     13.16     0.00        1     0.00     0.00  _GLOBAL__sub_I__Z9delete_2dPPdi
  0.00     13.16     0.00        1     0.00     0.00  _GLOBAL__sub_I__Z9delete_3dPPPdii
  0.00     13.16     0.00        1     0.00     0.00  _GLOBAL__sub_I__Z9delete_4dPPPPdiii
  0.00     13.16     0.00        1     0.00     0.00  _GLOBAL__sub_I__Z9delete_5dPPPPPdiiii
  0.00     13.16     0.00        1     0.00     0.00  _GLOBAL__sub_I__ZN12perturbation9set_alphaEd
  0.00     13.16     0.00        1     0.00     0.00  _GLOBAL__sub_I__ZN13geocoordinate8set_latiEd
  0.00     13.16     0.00        1     0.00     0.00  _GLOBAL__sub_I__ZN3pml11set_point_1Eii
  0.00     13.16     0.00        1     0.00     0.00  _GLOBAL__sub_I__ZN4date5set_yEi

			Call graph


granularity: each sample hit covers 2 byte(s) for 0.08% of 13.16 seconds

index % time    self  children    called     name
                                                 <spontaneous>
[1]     57.8    7.61    0.00                 E_update(double****, double****, double****, double****, double****, double****, int, int, double*****, double*****) [1]
-----------------------------------------------
                                                 <spontaneous>
[2]     10.0    1.31    0.00                 D_update(double****, double****, double****, double***, double***, double***, int, int) [2]
-----------------------------------------------
                                                 <spontaneous>
[3]      9.7    1.27    0.00                 H_update_pml(double***, double***, double***, double***, double***, double***, double****, double****, double****, double****, double****, double****, double****, double*, double*, pml*, pml*, pml*) [3]
-----------------------------------------------
                                                 <spontaneous>
[4]      8.4    1.10    0.00                 H_update(double***, double***, double***, double***, double***, double***) [4]
-----------------------------------------------
                                                 <spontaneous>
[5]      8.4    1.10    0.00                 D_update_pml(double***, double***, double***, double***, double***, double***, double****, double****, double****, double****, double****, double****, double****, double*, double*, pml*, pml*, pml*) [5]
-----------------------------------------------
                                                 <spontaneous>
[6]      1.7    0.22    0.00                 memory_allocate5d(int, int, int, int, int, double) [6]
-----------------------------------------------
                                                 <spontaneous>
[7]      1.6    0.21    0.00                 set_matrix(std::complex<double>, double*****, double*****, double***, double*) [7]
-----------------------------------------------
                0.12    0.00      56/56          PML_field_initialize(double****, double****, double****, double****, double****, double****, double****, double****, double****, double****, double****, double****, double****, double****) [9]
[8]      0.9    0.12    0.00      56         memory_allocate3d(int, int, int, double) [8]
-----------------------------------------------
                                                 <spontaneous>
[9]      0.9    0.00    0.12                 PML_field_initialize(double****, double****, double****, double****, double****, double****, double****, double****, double****, double****, double****, double****, double****, double****) [9]
                0.12    0.00      56/56          memory_allocate3d(int, int, int, double) [8]
-----------------------------------------------
                                                 <spontaneous>
[10]     0.7    0.09    0.00                 set_perturbation(perturbation, double***, double*) [10]
-----------------------------------------------
                                                 <spontaneous>
[11]     0.6    0.08    0.00                 memory_allocate4d(int, int, int, int, double) [11]
-----------------------------------------------
                                                 <spontaneous>
[12]     0.4    0.05    0.00                 delete_5d(double*****, int, int, int, int) [12]
-----------------------------------------------
                0.00    0.00      26/969         gtd7(nrlmsise_input*, nrlmsise_flags*, nrlmsise_output*) [26]
                0.00    0.00     943/969         densu(double, double, double, double, double, double, double*, double, double, int, double*, double*, double*) [clone .constprop.1] [21]
[20]     0.0    0.00    0.00     969         splint(double*, double*, double*, int, double, double*) [20]
-----------------------------------------------
                0.00    0.00     943/943         gts7(nrlmsise_input*, nrlmsise_flags*, nrlmsise_output*) [27]
[21]     0.0    0.00    0.00     943         densu(double, double, double, double, double, double, double*, double, double, int, double*, double*, double*) [clone .constprop.1] [21]
                0.00    0.00     943/969         splint(double*, double*, double*, int, double, double*) [20]
                0.00    0.00     902/902         splini(double*, double*, double*, int, double, double*) [22]
-----------------------------------------------
                0.00    0.00     902/902         densu(double, double, double, double, double, double, double*, double, double, int, double*, double*, double*) [clone .constprop.1] [21]
[22]     0.0    0.00    0.00     902         splini(double*, double*, double*, int, double, double*) [22]
-----------------------------------------------
                0.00    0.00     397/397         gts7(nrlmsise_input*, nrlmsise_flags*, nrlmsise_output*) [27]
[23]     0.0    0.00    0.00     397         globe7(double*, nrlmsise_input*, nrlmsise_flags*) [23]
-----------------------------------------------
                0.00    0.00      52/257         gtd7(nrlmsise_input*, nrlmsise_flags*, nrlmsise_output*) [26]
                0.00    0.00     205/257         gts7(nrlmsise_input*, nrlmsise_flags*, nrlmsise_output*) [27]
[24]     0.0    0.00    0.00     257         glob7s(double*, nrlmsise_input*, nrlmsise_flags*) [24]
-----------------------------------------------
                0.00    0.00      56/56          delete_PML(double****, double****, double****, double****, double****, double****, double****, double****, double****, double****, double****, double****, double****, double****) [65]
[25]     0.0    0.00    0.00      56         delete_3d(double***, int, int) [25]
-----------------------------------------------
                0.00    0.00      41/41          ny_allocate(date, geocoordinate, double*, double*) [68]
[26]     0.0    0.00    0.00      41         gtd7(nrlmsise_input*, nrlmsise_flags*, nrlmsise_output*) [26]
                0.00    0.00      52/257         glob7s(double*, nrlmsise_input*, nrlmsise_flags*) [24]
                0.00    0.00      41/41          gts7(nrlmsise_input*, nrlmsise_flags*, nrlmsise_output*) [27]
                0.00    0.00      26/969         splint(double*, double*, double*, int, double, double*) [20]
-----------------------------------------------
                0.00    0.00      41/41          gtd7(nrlmsise_input*, nrlmsise_flags*, nrlmsise_output*) [26]
[27]     0.0    0.00    0.00      41         gts7(nrlmsise_input*, nrlmsise_flags*, nrlmsise_output*) [27]
                0.00    0.00     943/943         densu(double, double, double, double, double, double, double*, double, double, int, double*, double*, double*) [clone .constprop.1] [21]
                0.00    0.00     397/397         globe7(double*, nrlmsise_input*, nrlmsise_flags*) [23]
                0.00    0.00     205/257         glob7s(double*, nrlmsise_input*, nrlmsise_flags*) [24]
-----------------------------------------------
                0.00    0.00      23/23          PML_idx_initialize(pml*, pml*, pml*, pml*, pml*, pml*) [74]
[28]     0.0    0.00    0.00      23         pml::set_point(int, int, int, int) [28]
-----------------------------------------------
                0.00    0.00       1/1           __libc_csu_init [120]
[29]     0.0    0.00    0.00       1         _GLOBAL__sub_I_R_r [29]
-----------------------------------------------
                0.00    0.00       1/1           __libc_csu_init [120]
[30]     0.0    0.00    0.00       1         _GLOBAL__sub_I__Z10delete_2cdPPSt7complexIdEi [30]
-----------------------------------------------
                0.00    0.00       1/1           __libc_csu_init [120]
[31]     0.0    0.00    0.00       1         _GLOBAL__sub_I__Z10delete_3cdPPPSt7complexIdEii [31]
-----------------------------------------------
                0.00    0.00       1/1           __libc_csu_init [120]
[32]     0.0    0.00    0.00       1         _GLOBAL__sub_I__Z10delete_PMLPPPPdS2_S2_S2_S2_S2_S2_S2_S2_S2_S2_S2_S2_S2_ [32]
-----------------------------------------------
                0.00    0.00       1/1           __libc_csu_init [120]
[33]     0.0    0.00    0.00       1         _GLOBAL__sub_I__Z10set_matrixSt7complexIdEPPPPPdS5_S3_S1_ [33]
-----------------------------------------------
                0.00    0.00       1/1           __libc_csu_init [120]
[34]     0.0    0.00    0.00       1         _GLOBAL__sub_I__Z10sigma_calcPdS_S_S_ [34]
-----------------------------------------------
                0.00    0.00       1/1           __libc_csu_init [120]
[35]     0.0    0.00    0.00       1         _GLOBAL__sub_I__Z11Ne_allocatePdS_ [35]
-----------------------------------------------
                0.00    0.00       1/1           __libc_csu_init [120]
[36]     0.0    0.00    0.00       1         _GLOBAL__sub_I__Z11ny_allocate4date13geocoordinatePdS1_ [36]
-----------------------------------------------
                0.00    0.00       1/1           __libc_csu_init [120]
[37]     0.0    0.00    0.00       1         _GLOBAL__sub_I__Z12D_update_pmlPPPdS1_S1_S1_S1_S1_PS1_S2_S2_S2_S2_S2_S2_S_S_P3pmlS4_S4_ [37]
-----------------------------------------------
                0.00    0.00       1/1           __libc_csu_init [120]
[38]     0.0    0.00    0.00       1         _GLOBAL__sub_I__Z12H_update_pmlPPPdS1_S1_S1_S1_S1_PS1_S2_S2_S2_S2_S2_S2_S_S_P3pmlS4_S4_ [38]
-----------------------------------------------
                0.00    0.00       1/1           __libc_csu_init [120]
[39]     0.0    0.00    0.00       1         _GLOBAL__sub_I__Z12output_modelv [39]
-----------------------------------------------
                0.00    0.00       1/1           __libc_csu_init [120]
[40]     0.0    0.00    0.00       1         _GLOBAL__sub_I__Z12surface_impeSt7complexIdE [40]
-----------------------------------------------
                0.00    0.00       1/1           __libc_csu_init [120]
[41]     0.0    0.00    0.00       1         _GLOBAL__sub_I__Z14output_profile12perturbationPdPPS0_ [41]
-----------------------------------------------
                0.00    0.00       1/1           __libc_csu_init [120]
[42]     0.0    0.00    0.00       1         _GLOBAL__sub_I__Z16set_perturbation12perturbationPPPdS0_ [42]
-----------------------------------------------
                0.00    0.00       1/1           __libc_csu_init [120]
[43]     0.0    0.00    0.00       1         _GLOBAL__sub_I__Z16surface_H_updatePPdS0_S0_S0_S0_dd [43]
-----------------------------------------------
                0.00    0.00       1/1           __libc_csu_init [120]
[44]     0.0    0.00    0.00       1         _GLOBAL__sub_I__Z17memory_allocate2diid [44]
-----------------------------------------------
                0.00    0.00       1/1           __libc_csu_init [120]
[45]     0.0    0.00    0.00       1         _GLOBAL__sub_I__Z17memory_allocate3diiid [45]
-----------------------------------------------
                0.00    0.00       1/1           __libc_csu_init [120]
[46]     0.0    0.00    0.00       1         _GLOBAL__sub_I__Z17memory_allocate4diiiid [46]
-----------------------------------------------
                0.00    0.00       1/1           __libc_csu_init [120]
[47]     0.0    0.00    0.00       1         _GLOBAL__sub_I__Z17memory_allocate5diiiiid [47]
-----------------------------------------------
                0.00    0.00       1/1           __libc_csu_init [120]
[48]     0.0    0.00    0.00       1         _GLOBAL__sub_I__Z18memory_allocate2cdiiSt7complexIdE [48]
-----------------------------------------------
                0.00    0.00       1/1           __libc_csu_init [120]
[49]     0.0    0.00    0.00       1         _GLOBAL__sub_I__Z18memory_allocate3cdiiiSt7complexIdE [49]
-----------------------------------------------
                0.00    0.00       1/1           __libc_csu_init [120]
[50]     0.0    0.00    0.00       1         _GLOBAL__sub_I__Z20PML_field_initializePPPPdS2_S2_S2_S2_S2_S2_S2_S2_S2_S2_S2_S2_S2_ [50]
-----------------------------------------------
                0.00    0.00       1/1           __libc_csu_init [120]
[51]     0.0    0.00    0.00       1         _GLOBAL__sub_I__Z7geo_magPdS_ [51]
-----------------------------------------------
                0.00    0.00       1/1           __libc_csu_init [120]
[52]     0.0    0.00    0.00       1         _GLOBAL__sub_I__Z8D_updatePPPPdS2_S2_S1_S1_S1_ii [52]
-----------------------------------------------
                0.00    0.00       1/1           __libc_csu_init [120]
[53]     0.0    0.00    0.00       1         _GLOBAL__sub_I__Z8E_updatePPPPdS2_S2_S2_S2_S2_iiPS2_S3_ [53]
-----------------------------------------------
                0.00    0.00       1/1           __libc_csu_init [120]
[54]     0.0    0.00    0.00       1         _GLOBAL__sub_I__Z8H_updatePPPdS1_S1_S1_S1_S1_ [54]
-----------------------------------------------
                0.00    0.00       1/1           __libc_csu_init [120]
[55]     0.0    0.00    0.00       1         _GLOBAL__sub_I__Z9delete_2dPPdi [55]
-----------------------------------------------
                0.00    0.00       1/1           __libc_csu_init [120]
[56]     0.0    0.00    0.00       1         _GLOBAL__sub_I__Z9delete_3dPPPdii [56]
-----------------------------------------------
                0.00    0.00       1/1           __libc_csu_init [120]
[57]     0.0    0.00    0.00       1         _GLOBAL__sub_I__Z9delete_4dPPPPdiii [57]
-----------------------------------------------
                0.00    0.00       1/1           __libc_csu_init [120]
[58]     0.0    0.00    0.00       1         _GLOBAL__sub_I__Z9delete_5dPPPPPdiiii [58]
-----------------------------------------------
                0.00    0.00       1/1           __libc_csu_init [120]
[59]     0.0    0.00    0.00       1         _GLOBAL__sub_I__ZN12perturbation9set_alphaEd [59]
-----------------------------------------------
                0.00    0.00       1/1           __libc_csu_init [120]
[60]     0.0    0.00    0.00       1         _GLOBAL__sub_I__ZN13geocoordinate8set_latiEd [60]
-----------------------------------------------
                0.00    0.00       1/1           __libc_csu_init [120]
[61]     0.0    0.00    0.00       1         _GLOBAL__sub_I__ZN3pml11set_point_1Eii [61]
-----------------------------------------------
                0.00    0.00       1/1           __libc_csu_init [120]
[62]     0.0    0.00    0.00       1         _GLOBAL__sub_I__ZN4date5set_yEi [62]
-----------------------------------------------

Index by function name

  [29] _GLOBAL__sub_I_R_r     [47] _GLOBAL__sub_I__Z17memory_allocate5diiiiid [3] H_update_pml(double***, double***, double***, double***, double***, double***, double****, double****, double****, double****, double****, double****, double****, double*, double*, pml*, pml*, pml*)
  [30] _GLOBAL__sub_I__Z10delete_2cdPPSt7complexIdEi [48] _GLOBAL__sub_I__Z18memory_allocate2cdiiSt7complexIdE [10] set_perturbation(perturbation, double***, double*)
  [31] _GLOBAL__sub_I__Z10delete_3cdPPPSt7complexIdEii [49] _GLOBAL__sub_I__Z18memory_allocate3cdiiiSt7complexIdE [8] memory_allocate3d(int, int, int, double)
  [32] _GLOBAL__sub_I__Z10delete_PMLPPPPdS2_S2_S2_S2_S2_S2_S2_S2_S2_S2_S2_S2_S2_ [50] _GLOBAL__sub_I__Z20PML_field_initializePPPPdS2_S2_S2_S2_S2_S2_S2_S2_S2_S2_S2_S2_S2_ [11] memory_allocate4d(int, int, int, int, double)
  [33] _GLOBAL__sub_I__Z10set_matrixSt7complexIdEPPPPPdS5_S3_S1_ [51] _GLOBAL__sub_I__Z7geo_magPdS_ [6] memory_allocate5d(int, int, int, int, int, double)
  [34] _GLOBAL__sub_I__Z10sigma_calcPdS_S_S_ [52] _GLOBAL__sub_I__Z8D_updatePPPPdS2_S2_S1_S1_S1_ii [26] gtd7(nrlmsise_input*, nrlmsise_flags*, nrlmsise_output*)
  [35] _GLOBAL__sub_I__Z11Ne_allocatePdS_ [53] _GLOBAL__sub_I__Z8E_updatePPPPdS2_S2_S2_S2_S2_iiPS2_S3_ [27] gts7(nrlmsise_input*, nrlmsise_flags*, nrlmsise_output*)
  [36] _GLOBAL__sub_I__Z11ny_allocate4date13geocoordinatePdS1_ [54] _GLOBAL__sub_I__Z8H_updatePPPdS1_S1_S1_S1_S1_ [21] densu(double, double, double, double, double, double, double*, double, double, int, double*, double*, double*) [clone .constprop.1]
  [37] _GLOBAL__sub_I__Z12D_update_pmlPPPdS1_S1_S1_S1_S1_PS1_S2_S2_S2_S2_S2_S2_S_S_P3pmlS4_S4_ [55] _GLOBAL__sub_I__Z9delete_2dPPdi [24] glob7s(double*, nrlmsise_input*, nrlmsise_flags*)
  [38] _GLOBAL__sub_I__Z12H_update_pmlPPPdS1_S1_S1_S1_S1_PS1_S2_S2_S2_S2_S2_S2_S_S_P3pmlS4_S4_ [56] _GLOBAL__sub_I__Z9delete_3dPPPdii [23] globe7(double*, nrlmsise_input*, nrlmsise_flags*)
  [39] _GLOBAL__sub_I__Z12output_modelv [57] _GLOBAL__sub_I__Z9delete_4dPPPPdiii [22] splini(double*, double*, double*, int, double, double*)
  [40] _GLOBAL__sub_I__Z12surface_impeSt7complexIdE [58] _GLOBAL__sub_I__Z9delete_5dPPPPPdiiii [20] splint(double*, double*, double*, int, double, double*)
  [41] _GLOBAL__sub_I__Z14output_profile12perturbationPdPPS0_ [59] _GLOBAL__sub_I__ZN12perturbation9set_alphaEd [2] D_update(double****, double****, double****, double***, double***, double***, int, int)
  [42] _GLOBAL__sub_I__Z16set_perturbation12perturbationPPPdS0_ [60] _GLOBAL__sub_I__ZN13geocoordinate8set_latiEd [1] E_update(double****, double****, double****, double****, double****, double****, int, int, double*****, double*****)
  [43] _GLOBAL__sub_I__Z16surface_H_updatePPdS0_S0_S0_S0_dd [61] _GLOBAL__sub_I__ZN3pml11set_point_1Eii [4] H_update(double***, double***, double***, double***, double***, double***)
  [44] _GLOBAL__sub_I__Z17memory_allocate2diid [62] _GLOBAL__sub_I__ZN4date5set_yEi [25] delete_3d(double***, int, int)
  [45] _GLOBAL__sub_I__Z17memory_allocate3diiid [7] set_matrix(std::complex<double>, double*****, double*****, double***, double*) [12] delete_5d(double*****, int, int, int, int)
  [46] _GLOBAL__sub_I__Z17memory_allocate4diiiid [5] D_update_pml(double***, double***, double***, double***, double***, double***, double****, double****, double****, double****, double****, double****, double****, double*, double*, pml*, pml*, pml*) [28] pml::set_point(int, int, int, int)
